2023-09-19 14:27:43.548 UTC [22] LOG:  checkpoint starting: time
2023-09-19 14:27:44.069 UTC [22] LOG:  checkpoint complete: wrote 5 buffers (0.0%); 0 WAL file(s) added, 0 removed, 0 recycled; write=0.467 s, sync=0.017 s, total=0.521 s; sync files=5, longest=0.006 s, average=0.004 s; distance=3 kB, estimate=36 kB; lsn=0/28E7280, redo lsn=0/28E7248
2023-09-19 14:35:19.957 UTC [22] LOG:  checkpoint starting: force wait
2023-09-19 14:35:20.106 UTC [22] LOG:  could not open file "pg_wal/000000010000000000000004": No such file or directory
2023-09-19 14:35:20.106 UTC [22] LOG:  could not remove file "pg_wal/000000010000000000000002": No such file or directory
2023-09-19 14:35:20.108 UTC [22] LOG:  checkpoint complete: wrote 1 buffers (0.0%); 0 WAL file(s) added, 0 removed, 0 recycled; write=0.109 s, sync=0.003 s, total=0.152 s; sync files=1, longest=0.003 s, average=0.003 s; distance=7267 kB, estimate=7267 kB; lsn=0/3000098, redo lsn=0/3000028
2023-09-19 14:40:19.179 UTC [22] LOG:  checkpoint starting: time
2023-09-19 14:40:19.286 UTC [22] LOG:  checkpoint complete: wrote 0 buffers (0.0%); 0 WAL file(s) added, 0 removed, 1 recycled; write=0.013 s, sync=0.001 s, total=0.108 s; sync files=0, longest=0.000 s, average=0.000 s; distance=16384 kB, estimate=16384 kB; lsn=0/4000098, redo lsn=0/4000060
2023-09-19 14:50:31.326 UTC [1] LOG:  received fast shutdown request
2023-09-19 14:50:31.330 UTC [1] LOG:  aborting any active transactions
2023-09-19 14:50:31.332 UTC [32] FATAL:  terminating connection due to administrator command
2023-09-19 14:50:31.332 UTC [30] FATAL:  terminating connection due to administrator command
2023-09-19 14:50:31.332 UTC [190] FATAL:  terminating connection due to administrator command
2023-09-19 14:50:31.332 UTC [34] FATAL:  terminating connection due to administrator command
2023-09-19 14:50:31.332 UTC [37] FATAL:  terminating connection due to administrator command
2023-09-19 14:50:31.333 UTC [33] FATAL:  terminating connection due to administrator command
2023-09-19 14:50:31.333 UTC [35] FATAL:  terminating connection due to administrator command
2023-09-19 14:50:31.335 UTC [1] LOG:  background worker "logical replication launcher" (PID 27) exited with exit code 1
2023-09-19 14:50:31.382 UTC [22] LOG:  shutting down
2023-09-19 14:50:31.386 UTC [22] LOG:  checkpoint starting: shutdown immediate
2023-09-19 14:50:31.448 UTC [22] LOG:  checkpoint complete: wrote 0 buffers (0.0%); 0 WAL file(s) added, 0 removed, 0 recycled; write=0.016 s, sync=0.001 s, total=0.067 s; sync files=0, longest=0.000 s, average=0.000 s; distance=0 kB, estimate=14745 kB; lsn=0/4000148, redo lsn=0/4000148
2023-09-19 14:50:31.539 UTC [1] LOG:  database system is shut down
