2023-09-19 14:51:01.729 UTC [1] LOG:  starting PostgreSQL 16.0 on x86_64-pc-linux-musl, compiled by gcc (Alpine 12.2.1_git20220924-r10) 12.2.1 20220924, 64-bit
2023-09-19 14:51:01.730 UTC [1] LOG:  listening on IPv4 address "0.0.0.0", port 5432
2023-09-19 14:51:01.730 UTC [1] LOG:  listening on IPv6 address "::", port 5432
2023-09-19 14:51:01.736 UTC [1] LOG:  listening on Unix socket "/var/run/postgresql/.s.PGSQL.5432"
2023-09-19 14:51:01.767 UTC [25] LOG:  database system was shut down at 2023-09-19 14:50:31 UTC
2023-09-19 14:51:01.842 UTC [1] LOG:  database system is ready to accept connections
2023-09-19 14:56:01.867 UTC [23] LOG:  checkpoint starting: time
2023-09-19 14:57:36.101 UTC [23] LOG:  checkpoint complete: wrote 931 buffers (5.7%); 0 WAL file(s) added, 0 removed, 0 recycled; write=93.988 s, sync=0.211 s, total=94.234 s; sync files=301, longest=0.004 s, average=0.001 s; distance=4267 kB, estimate=4267 kB; lsn=0/442AEA0, redo lsn=0/442AE68
2023-09-19 15:08:02.612 UTC [23] LOG:  checkpoint starting: force wait
2023-09-19 15:08:02.655 UTC [23] LOG:  could not open file "pg_wal/000000010000000000000006": No such file or directory
2023-09-19 15:08:02.655 UTC [23] LOG:  could not remove file "pg_wal/000000010000000000000004": No such file or directory
2023-09-19 15:08:02.658 UTC [23] LOG:  checkpoint complete: wrote 0 buffers (0.0%); 0 WAL file(s) added, 0 removed, 0 recycled; write=0.008 s, sync=0.001 s, total=0.046 s; sync files=0, longest=0.000 s, average=0.000 s; distance=12116 kB, estimate=12116 kB; lsn=0/5000060, redo lsn=0/5000028
2023-09-19 15:11:41.686 UTC [1] LOG:  received fast shutdown request
2023-09-19 15:11:41.689 UTC [1] LOG:  aborting any active transactions
2023-09-19 15:11:41.689 UTC [44] FATAL:  terminating connection due to administrator command
2023-09-19 15:11:41.689 UTC [43] FATAL:  terminating connection due to administrator command
2023-09-19 15:11:41.691 UTC [1] LOG:  background worker "logical replication launcher" (PID 28) exited with exit code 1
2023-09-19 15:11:41.696 UTC [23] LOG:  shutting down
2023-09-19 15:11:41.700 UTC [23] LOG:  checkpoint starting: shutdown immediate
2023-09-19 15:11:41.774 UTC [23] LOG:  checkpoint complete: wrote 0 buffers (0.0%); 0 WAL file(s) added, 0 removed, 1 recycled; write=0.014 s, sync=0.001 s, total=0.078 s; sync files=0, longest=0.000 s, average=0.000 s; distance=16384 kB, estimate=16384 kB; lsn=0/6000060, redo lsn=0/6000060
2023-09-19 15:11:41.819 UTC [1] LOG:  database system is shut down
