2023-11-06 17:31:18.982 UTC [1] LOG:  starting PostgreSQL 16.0 on x86_64-pc-linux-musl, compiled by gcc (Alpine 12.2.1_git20220924-r10) 12.2.1 20220924, 64-bit
2023-11-06 17:31:18.983 UTC [1] LOG:  listening on IPv4 address "0.0.0.0", port 5432
2023-11-06 17:31:18.983 UTC [1] LOG:  listening on IPv6 address "::", port 5432
2023-11-06 17:31:19.017 UTC [1] LOG:  listening on Unix socket "/var/run/postgresql/.s.PGSQL.5432"
2023-11-06 17:31:19.276 UTC [25] LOG:  database system was interrupted; last known up at 2023-11-02 18:01:06 UTC
2023-11-06 17:31:29.318 UTC [25] LOG:  syncing data directory (pre-fsync), elapsed time: 10.01 s, current path: ./base/16384/3466
2023-11-06 17:31:39.315 UTC [25] LOG:  syncing data directory (pre-fsync), elapsed time: 20.00 s, current path: ./base/16598/2693
2023-11-06 17:31:49.312 UTC [25] LOG:  syncing data directory (pre-fsync), elapsed time: 30.00 s, current path: ./base/41188/2665
2023-11-06 17:31:59.359 UTC [25] LOG:  syncing data directory (pre-fsync), elapsed time: 40.05 s, current path: ./log/postgresql-2023-10-26_181336.log
2023-11-06 17:32:09.949 UTC [25] LOG:  syncing data directory (fsync), elapsed time: 10.00 s, current path: ./base/4/2601
2023-11-06 17:32:17.426 UTC [25] LOG:  database system was not properly shut down; automatic recovery in progress
2023-11-06 17:32:17.686 UTC [25] LOG:  redo starts at 0/7491158
2023-11-06 17:32:17.690 UTC [25] LOG:  invalid record length at 0/7491190: expected at least 24, got 0
2023-11-06 17:32:17.690 UTC [25] LOG:  redo done at 0/7491158 system usage: CPU: user: 0.00 s, system: 0.00 s, elapsed: 0.00 s
2023-11-06 17:32:17.981 UTC [23] LOG:  checkpoint starting: end-of-recovery immediate wait
2023-11-06 17:32:18.260 UTC [23] LOG:  checkpoint complete: wrote 3 buffers (0.0%); 0 WAL file(s) added, 0 removed, 0 recycled; write=0.085 s, sync=0.028 s, total=0.293 s; sync files=2, longest=0.016 s, average=0.014 s; distance=0 kB, estimate=0 kB; lsn=0/7491190, redo lsn=0/7491190
2023-11-06 17:32:18.295 UTC [1] LOG:  database system is ready to accept connections
2023-11-06 17:54:45.638 UTC [46] ERROR:  operator does not exist: character varying > integer at character 72
2023-11-06 17:54:45.638 UTC [46] HINT:  No operator matches the given name and argument types. You might need to add explicit type casts.
2023-11-06 17:54:45.638 UTC [46] STATEMENT:  explain select customerid, companyname from customers where customerid > 100;
2023-11-06 18:03:01.765 UTC [74] ERROR:  syntax error at or near "where" at character 32
2023-11-06 18:03:01.765 UTC [74] STATEMENT:  select orderid, productid from where orderid = 10248 and productid=11;
2023-11-06 18:05:05.503 UTC [74] ERROR:  syntax error at or near "analize" at character 1
2023-11-06 18:05:05.503 UTC [74] STATEMENT:  analize select orderid, productid from orderdetails where orderid = 10248 and productid=11;
2023-11-06 18:05:34.470 UTC [74] ERROR:  syntax error at or near "analize" at character 1
2023-11-06 18:05:34.470 UTC [74] STATEMENT:  analize explain select orderid, productid from orderdetails where orderid = 10248 and productid=11;
2023-11-06 18:05:43.523 UTC [74] ERROR:  syntax error at or near "analize" at character 9
2023-11-06 18:05:43.523 UTC [74] STATEMENT:  explain analize select orderid, productid from orderdetails where orderid = 10248 and productid=11;
2023-11-06 18:09:25.954 UTC [74] ERROR:  syntax error at or near "-" at character 9
2023-11-06 18:09:25.954 UTC [74] STATEMENT:  explain -analize select orderid, productid from orderdetails where orderid = 10248 and productid=11;
2023-11-06 18:20:07.913 UTC [74] ERROR:  column "productid" does not exist at character 26
2023-11-06 18:20:07.913 UTC [74] STATEMENT:  explain  select orderid, productid from customers c inner join orders o on c.customerid = o.customerid  where orderdate = '1997-01-01';
