2023-10-12 17:30:29.538 UTC [1] LOG:  starting PostgreSQL 16.0 on x86_64-pc-linux-musl, compiled by gcc (Alpine 12.2.1_git20220924-r10) 12.2.1 20220924, 64-bit
2023-10-12 17:30:29.539 UTC [1] LOG:  listening on IPv4 address "0.0.0.0", port 5432
2023-10-12 17:30:29.540 UTC [1] LOG:  listening on IPv6 address "::", port 5432
2023-10-12 17:30:29.578 UTC [1] LOG:  listening on Unix socket "/var/run/postgresql/.s.PGSQL.5432"
2023-10-12 17:30:29.811 UTC [25] LOG:  database system was interrupted; last known up at 2023-10-09 19:21:37 UTC
2023-10-12 17:30:39.849 UTC [25] LOG:  syncing data directory (pre-fsync), elapsed time: 10.00 s, current path: ./base/16384/2839
2023-10-12 17:30:49.864 UTC [25] LOG:  syncing data directory (pre-fsync), elapsed time: 20.01 s, current path: ./base/16598/13401
2023-10-12 17:30:53.257 UTC [34] FATAL:  the database system is starting up
2023-10-12 17:30:59.854 UTC [25] LOG:  syncing data directory (pre-fsync), elapsed time: 30.00 s, current path: ./base/5/1247_vm
2023-10-12 17:31:16.029 UTC [25] LOG:  syncing data directory (fsync), elapsed time: 10.00 s, current path: ./base/16598/PG_VERSION
2023-10-12 17:31:22.232 UTC [25] LOG:  database system was not properly shut down; automatic recovery in progress
2023-10-12 17:31:22.483 UTC [25] LOG:  redo starts at 0/642BA38
2023-10-12 17:31:22.487 UTC [25] LOG:  invalid record length at 0/642BB20: expected at least 24, got 0
2023-10-12 17:31:22.487 UTC [25] LOG:  redo done at 0/642BAE8 system usage: CPU: user: 0.00 s, system: 0.00 s, elapsed: 0.00 s
2023-10-12 17:31:22.752 UTC [23] LOG:  checkpoint starting: end-of-recovery immediate wait
2023-10-12 17:31:22.988 UTC [23] LOG:  checkpoint complete: wrote 3 buffers (0.0%); 0 WAL file(s) added, 0 removed, 0 recycled; write=0.076 s, sync=0.023 s, total=0.248 s; sync files=2, longest=0.013 s, average=0.012 s; distance=0 kB, estimate=0 kB; lsn=0/642BB20, redo lsn=0/642BB20
2023-10-12 17:31:23.022 UTC [1] LOG:  database system is ready to accept connections
2023-10-12 17:31:26.114 UTC [1] LOG:  received fast shutdown request
2023-10-12 17:31:26.136 UTC [1] LOG:  aborting any active transactions
2023-10-12 17:31:26.146 UTC [1] LOG:  background worker "logical replication launcher" (PID 37) exited with exit code 1
2023-10-12 17:31:26.147 UTC [23] LOG:  shutting down
2023-10-12 17:31:26.167 UTC [23] LOG:  checkpoint starting: shutdown immediate
2023-10-12 17:31:26.468 UTC [23] LOG:  checkpoint complete: wrote 0 buffers (0.0%); 0 WAL file(s) added, 0 removed, 0 recycled; write=0.058 s, sync=0.001 s, total=0.321 s; sync files=0, longest=0.000 s, average=0.000 s; distance=0 kB, estimate=0 kB; lsn=0/642BBD0, redo lsn=0/642BBD0
2023-10-12 17:31:26.541 UTC [1] LOG:  database system is shut down
