2023-10-12 17:31:51.428 UTC [1] LOG:  starting PostgreSQL 16.0 on x86_64-pc-linux-musl, compiled by gcc (Alpine 12.2.1_git20220924-r10) 12.2.1 20220924, 64-bit
2023-10-12 17:31:51.430 UTC [1] LOG:  listening on IPv4 address "0.0.0.0", port 5432
2023-10-12 17:31:51.430 UTC [1] LOG:  listening on IPv6 address "::", port 5432
2023-10-12 17:31:51.475 UTC [1] LOG:  listening on Unix socket "/var/run/postgresql/.s.PGSQL.5432"
2023-10-12 17:31:51.675 UTC [25] LOG:  database system was shut down at 2023-10-12 17:31:26 UTC
2023-10-12 17:31:51.906 UTC [1] LOG:  database system is ready to accept connections
2023-10-12 17:34:03.306 UTC [37] ERROR:  syntax error at or near "use" at character 1
2023-10-12 17:34:03.306 UTC [37] STATEMENT:  use nothwind
	;
2023-10-12 17:34:17.741 UTC [37] ERROR:  syntax error at or near "use" at character 1
2023-10-12 17:34:17.741 UTC [37] STATEMENT:  use database northwind;
2023-10-12 17:36:51.730 UTC [23] LOG:  checkpoint starting: time
2023-10-12 17:36:52.027 UTC [23] LOG:  checkpoint complete: wrote 3 buffers (0.0%); 0 WAL file(s) added, 0 removed, 0 recycled; write=0.084 s, sync=0.022 s, total=0.298 s; sync files=2, longest=0.013 s, average=0.011 s; distance=0 kB, estimate=0 kB; lsn=0/642BCB8, redo lsn=0/642BC80
2023-10-12 18:32:06.384 UTC [1] LOG:  received fast shutdown request
2023-10-12 18:32:06.408 UTC [1] LOG:  aborting any active transactions
2023-10-12 18:32:06.423 UTC [1] LOG:  background worker "logical replication launcher" (PID 28) exited with exit code 1
2023-10-12 18:32:06.424 UTC [23] LOG:  shutting down
2023-10-12 18:32:06.443 UTC [23] LOG:  checkpoint starting: shutdown immediate
2023-10-12 18:32:06.677 UTC [23] LOG:  checkpoint complete: wrote 0 buffers (0.0%); 0 WAL file(s) added, 0 removed, 0 recycled; write=0.058 s, sync=0.001 s, total=0.253 s; sync files=0, longest=0.000 s, average=0.000 s; distance=0 kB, estimate=0 kB; lsn=0/642BD68, redo lsn=0/642BD68
2023-10-12 18:32:06.744 UTC [1] LOG:  database system is shut down
