2023-10-12 22:54:26.601 UTC [1] LOG:  starting PostgreSQL 16.0 on x86_64-pc-linux-musl, compiled by gcc (Alpine 12.2.1_git20220924-r10) 12.2.1 20220924, 64-bit
2023-10-12 22:54:26.602 UTC [1] LOG:  listening on IPv4 address "0.0.0.0", port 5432
2023-10-12 22:54:26.602 UTC [1] LOG:  listening on IPv6 address "::", port 5432
2023-10-12 22:54:26.623 UTC [1] LOG:  listening on Unix socket "/var/run/postgresql/.s.PGSQL.5432"
2023-10-12 22:54:26.746 UTC [26] LOG:  database system was shut down at 2023-10-12 18:32:06 UTC
2023-10-12 22:54:26.938 UTC [1] LOG:  database system is ready to accept connections
2023-10-12 22:59:26.840 UTC [24] LOG:  checkpoint starting: time
2023-10-12 22:59:26.978 UTC [24] LOG:  checkpoint complete: wrote 3 buffers (0.0%); 0 WAL file(s) added, 0 removed, 0 recycled; write=0.041 s, sync=0.012 s, total=0.139 s; sync files=2, longest=0.007 s, average=0.006 s; distance=0 kB, estimate=0 kB; lsn=0/642BE50, redo lsn=0/642BE18
2023-10-12 23:04:10.183 UTC [62] ERROR:  syntax error at or near "python" at character 1
2023-10-12 23:04:10.183 UTC [62] STATEMENT:  python
	;
2023-10-12 23:05:37.995 UTC [62] ERROR:  syntax error at or near "int$$" at character 57
2023-10-12 23:05:37.995 UTC [62] STATEMENT:  create function exponente(numero int) returns resultado int$$ return numero*numero;
2023-10-12 23:05:47.975 UTC [62] ERROR:  syntax error at or near "$$language plpython;
	create function exponente(numero int) returns resultado int $$" at character 1
2023-10-12 23:05:47.975 UTC [62] STATEMENT:  $$language plpython;
	create function exponente(numero int) returns resultado int $$ return numero*numero;
2023-10-12 23:06:03.039 UTC [62] ERROR:  syntax error at or near "$$language plpython;
	create function exponente(numero int) returns resultado int $$" at character 1
2023-10-12 23:06:03.039 UTC [62] STATEMENT:  $$language plpython;
	create function exponente(numero int) returns resultado int $$ return numero*numero;
2023-10-12 23:06:09.701 UTC [62] ERROR:  syntax error at or near "$$ language plpython;
	create function exponente(numero int) returns resultado int $$" at character 1
2023-10-12 23:06:09.701 UTC [62] STATEMENT:  $$ language plpython;
	create function exponente(numero int) returns resultado int $$ return numero*numero;
2023-10-12 23:09:20.088 UTC [62] ERROR:  syntax error at or near "$$ language plpython;
	create function exponente(numero int) returns resultado int $$" at character 1
2023-10-12 23:09:20.088 UTC [62] STATEMENT:  $$ language plpython;
	create function exponente(numero int) returns resultado int $$ return numero*numero $$ language plpython;
	select exponente(5);
	
	exponente(5);
	select * from exponente(5);
	select * from customers;
	create function exponente(numero int) returns resultado int $$ return numero*numero;
2023-10-12 23:21:43.554 UTC [117] ERROR:  syntax error at or near "{" at character 20
2023-10-12 23:21:43.554 UTC [117] STATEMENT:  select exponente(5){;
2023-10-12 23:21:48.169 UTC [117] ERROR:  function exponente(integer) does not exist at character 8
2023-10-12 23:21:48.169 UTC [117] HINT:  No function matches the given name and argument types. You might need to add explicit type casts.
2023-10-12 23:21:48.169 UTC [117] STATEMENT:  select exponente(5);
2023-10-12 23:22:02.090 UTC [117] ERROR:  syntax error at or near "{" at character 1
2023-10-12 23:22:02.090 UTC [117] STATEMENT:  {select exponente(5);
2023-10-12 23:22:14.110 UTC [117] ERROR:  syntax error at or near "}" at character 1
2023-10-12 23:22:14.110 UTC [117] STATEMENT:  }
	{select exponente(5)}
2023-10-12 23:23:06.680 UTC [117] ERROR:  syntax error at or near "int" at character 46
2023-10-12 23:23:06.680 UTC [117] STATEMENT:  create function exponente(n int) returns rdo int $$ return n*n $$ language plpython;
2023-10-12 23:24:36.422 UTC [131] ERROR:  function exponente(integer) does not exist at character 8
2023-10-12 23:24:36.422 UTC [131] HINT:  No function matches the given name and argument types. You might need to add explicit type casts.
2023-10-12 23:24:36.422 UTC [131] STATEMENT:  select exponente(5);
2023-10-12 23:27:19.489 UTC [131] ERROR:  function "exponente" does not exist at character 8
2023-10-12 23:27:19.489 UTC [131] STATEMENT:  SELECT 'exponente'::pg_catalog.regproc::pg_catalog.oid
2023-10-12 23:27:23.370 UTC [131] ERROR:  function "exponente;" does not exist at character 8
2023-10-12 23:27:23.370 UTC [131] STATEMENT:  SELECT 'exponente;'::pg_catalog.regproc::pg_catalog.oid
2023-10-12 23:27:32.019 UTC [131] ERROR:  syntax error at or near "psql" at character 1
2023-10-12 23:27:32.019 UTC [131] STATEMENT:  psql
2023-10-12 23:47:41.879 UTC [131] ERROR:  syntax error at or near "int" at character 57
2023-10-12 23:47:41.879 UTC [131] STATEMENT:  create or replace function exponente(n int) returns rdo int $$ return n*n $$ language plpython;
2023-10-12 23:49:15.784 UTC [210] ERROR:  syntax error at or near "int" at character 57
2023-10-12 23:49:15.784 UTC [210] STATEMENT:  create or replace function exponente(n int) returns rdo int $$ return n*n $$ language plpython
2023-10-12 23:49:36.072 UTC [210] ERROR:  syntax error at or near "integer" at character 61
2023-10-12 23:49:36.072 UTC [210] STATEMENT:  create or replace function exponente(n integer) returns rdo integer $$ return n*n $$ language plpython
2023-10-12 23:49:48.696 UTC [210] ERROR:  syntax error at or near "$$ return n*n $$" at character 65
2023-10-12 23:49:48.696 UTC [210] STATEMENT:  create or replace function exponente(n integer) returns integer $$ return n*n $$ language plpython
