2023-11-07 00:19:59.597 UTC [1] LOG:  starting PostgreSQL 16.0 on x86_64-pc-linux-musl, compiled by gcc (Alpine 12.2.1_git20220924-r10) 12.2.1 20220924, 64-bit
2023-11-07 00:19:59.597 UTC [1] LOG:  listening on IPv4 address "0.0.0.0", port 5432
2023-11-07 00:19:59.597 UTC [1] LOG:  listening on IPv6 address "::", port 5432
2023-11-07 00:19:59.616 UTC [1] LOG:  listening on Unix socket "/var/run/postgresql/.s.PGSQL.5432"
2023-11-07 00:19:59.745 UTC [25] LOG:  database system was interrupted; last known up at 2023-11-06 17:32:18 UTC
2023-11-07 00:20:09.775 UTC [25] LOG:  syncing data directory (pre-fsync), elapsed time: 10.01 s, current path: ./base/16385/3541_vm
2023-11-07 00:20:19.772 UTC [25] LOG:  syncing data directory (pre-fsync), elapsed time: 20.00 s, current path: ./base/41188/3764_fsm
2023-11-07 00:20:35.259 UTC [25] LOG:  syncing data directory (fsync), elapsed time: 10.00 s, current path: ./base/4/2833
2023-11-07 00:20:36.194 UTC [26] FATAL:  the database system is starting up
2023-11-07 00:20:40.185 UTC [25] LOG:  database system was not properly shut down; automatic recovery in progress
2023-11-07 00:20:40.319 UTC [25] LOG:  redo starts at 0/7491208
2023-11-07 00:20:40.321 UTC [25] LOG:  invalid record length at 0/7491240: expected at least 24, got 0
2023-11-07 00:20:40.321 UTC [25] LOG:  redo done at 0/7491208 system usage: CPU: user: 0.00 s, system: 0.00 s, elapsed: 0.00 s
2023-11-07 00:20:40.470 UTC [23] LOG:  checkpoint starting: end-of-recovery immediate wait
2023-11-07 00:20:40.604 UTC [23] LOG:  checkpoint complete: wrote 3 buffers (0.0%); 0 WAL file(s) added, 0 removed, 0 recycled; write=0.040 s, sync=0.011 s, total=0.141 s; sync files=2, longest=0.006 s, average=0.006 s; distance=0 kB, estimate=0 kB; lsn=0/7491240, redo lsn=0/7491240
2023-11-07 00:20:40.623 UTC [1] LOG:  database system is ready to accept connections
2023-11-07 01:47:45.732 UTC [1] LOG:  received fast shutdown request
2023-11-07 01:47:45.748 UTC [1] LOG:  aborting any active transactions
2023-11-07 01:47:45.753 UTC [90] FATAL:  terminating connection due to administrator command
2023-11-07 01:47:45.766 UTC [1] LOG:  background worker "logical replication launcher" (PID 29) exited with exit code 1
2023-11-07 01:47:45.809 UTC [23] LOG:  shutting down
2023-11-07 01:47:45.825 UTC [23] LOG:  checkpoint starting: shutdown immediate
2023-11-07 01:47:46.023 UTC [23] LOG:  checkpoint complete: wrote 0 buffers (0.0%); 0 WAL file(s) added, 0 removed, 0 recycled; write=0.057 s, sync=0.001 s, total=0.213 s; sync files=0, longest=0.000 s, average=0.000 s; distance=0 kB, estimate=0 kB; lsn=0/74912F0, redo lsn=0/74912F0
2023-11-07 01:47:46.073 UTC [1] LOG:  database system is shut down
